INFO::2021-03-07 13:26:35.149868::Running Setup...
INFO::2021-03-07 13:26:35.149868::fun
INFO::2021-03-07 13:26:35.149868::fun was loaded!
INFO::2021-03-07 13:26:35.149868::Setup Completed!
INFO::2021-03-07 13:26:35.149868::Running bot...
INFO::2021-03-07 13:26:35.149868::BOT has been CONNECTED!
INFO::2021-03-07 13:27:39.518428::Running Setup...
INFO::2021-03-07 13:27:39.518428::fun
INFO::2021-03-07 13:27:39.518428::fun was loaded!
INFO::2021-03-07 13:27:39.518428::Setup Completed!
INFO::2021-03-07 13:27:39.518428::Running bot...
INFO::2021-03-07 13:27:39.518428::BOT has been CONNECTED!
INFO::2021-03-07 13:39:14.471473::Running Setup...
INFO::2021-03-07 13:39:14.471473::fun
INFO::2021-03-07 13:39:14.471473::fun was loaded!
INFO::2021-03-07 13:39:14.471473::Setup Completed!
INFO::2021-03-07 13:39:14.471473::Running bot...
INFO::2021-03-07 13:39:14.471473::BOT has been CONNECTED!
INFO::2021-03-07 13:44:42.909063::Running Setup...
INFO::2021-03-07 13:44:42.909063::fun
INFO::2021-03-07 13:44:42.909063::fun was loaded!
INFO::2021-03-07 13:44:42.909063::Setup Completed!
INFO::2021-03-07 13:44:42.909063::Running bot...
INFO::2021-03-07 13:44:42.909063::BOT has been CONNECTED!
INFO::2021-03-07 13:47:45.671635::Running Setup...
INFO::2021-03-07 13:47:45.671635::fun
INFO::2021-03-07 13:47:45.671635::fun was loaded!
INFO::2021-03-07 13:47:45.671635::Setup Completed!
INFO::2021-03-07 13:47:45.671635::Running bot...
INFO::2021-03-07 13:47:45.671635::BOT has been CONNECTED!
INFO::2021-03-07 13:49:19.070555::Running Setup...
INFO::2021-03-07 13:49:19.070555::fun
INFO::2021-03-07 13:49:19.070555::fun was loaded!
INFO::2021-03-07 13:49:19.070555::Setup Completed!
INFO::2021-03-07 13:49:19.070555::Running bot...
INFO::2021-03-07 13:49:19.070555::BOT has been CONNECTED!
INFO::2021-03-07 13:52:20.311546::Running Setup...
INFO::2021-03-07 13:52:20.311546::fun
INFO::2021-03-07 13:52:20.311546::fun was loaded!
INFO::2021-03-07 13:52:20.311546::Setup Completed!
INFO::2021-03-07 13:52:20.311546::Running bot...
INFO::2021-03-07 13:52:20.311546::BOT has been CONNECTED!
INFO::2021-03-07 13:56:13.686737::Running Setup...
INFO::2021-03-07 13:56:13.686737::fun
INFO::2021-03-07 13:56:13.686737::fun was loaded!
INFO::2021-03-07 13:56:13.686737::Setup Completed!
INFO::2021-03-07 13:56:13.686737::Running bot...
INFO::2021-03-07 13:56:13.686737::BOT has been CONNECTED!
INFO::2021-03-07 13:59:28.599500::Running Setup...
INFO::2021-03-07 13:59:28.599500::fun
INFO::2021-03-07 13:59:28.599500::fun was loaded!
INFO::2021-03-07 13:59:28.599500::Setup Completed!
INFO::2021-03-07 13:59:28.599500::Running bot...
INFO::2021-03-07 13:59:28.599500::BOT has been CONNECTED!
INFO::2021-03-07 14:02:05.747449::Running Setup...
INFO::2021-03-07 14:02:05.747449::fun
INFO::2021-03-07 14:02:05.747449::fun was loaded!
INFO::2021-03-07 14:02:05.747449::Setup Completed!
INFO::2021-03-07 14:02:05.747449::Running bot...
INFO::2021-03-07 14:02:05.747449::BOT has been CONNECTED!
INFO::2021-03-07 14:08:59.587883::Running Setup...
INFO::2021-03-07 14:08:59.587883::fun
INFO::2021-03-07 14:08:59.587883::fun was loaded!
INFO::2021-03-07 14:08:59.587883::Setup Completed!
INFO::2021-03-07 14:08:59.587883::Running bot...
INFO::2021-03-07 14:08:59.587883::BOT has been CONNECTED!
INFO::2021-03-07 14:09:38.430818::Running Setup...
INFO::2021-03-07 14:09:38.430818::fun
INFO::2021-03-07 14:09:38.430818::fun was loaded!
INFO::2021-03-07 14:09:38.430818::Setup Completed!
INFO::2021-03-07 14:09:38.430818::Running bot...
INFO::2021-03-07 14:09:38.430818::BOT has been CONNECTED!
INFO::2021-03-07 14:21:00.897311::Running Setup...
INFO::2021-03-07 14:21:00.897311::fun
INFO::2021-03-07 14:21:00.897311::fun was loaded!
INFO::2021-03-07 14:21:00.897311::Setup Completed!
INFO::2021-03-07 14:21:00.897311::Running bot...
INFO::2021-03-07 14:21:00.897311::BOT has been CONNECTED!
INFO::2021-03-07 14:27:59.952485::Running Setup...
INFO::2021-03-07 14:27:59.952485::fun
INFO::2021-03-07 14:27:59.952485::fun was loaded!
INFO::2021-03-07 14:27:59.952485::Setup Completed!
INFO::2021-03-07 14:27:59.952485::Running bot...
INFO::2021-03-07 14:27:59.952485::BOT has been CONNECTED!
INFO::2021-03-07 14:28:53.020257::Running Setup...
INFO::2021-03-07 14:28:53.020257::fun
INFO::2021-03-07 14:28:53.020257::fun was loaded!
INFO::2021-03-07 14:28:53.020257::Setup Completed!
INFO::2021-03-07 14:28:53.020257::Running bot...
INFO::2021-03-07 14:28:53.020257::BOT has been CONNECTED!
INFO::2021-03-09 15:49:57.911106::Running Setup...
INFO::2021-03-09 15:49:57.911106::fun
INFO::2021-03-09 15:49:57.911106::fun was loaded!
INFO::2021-03-09 15:49:57.911106::Setup Completed!
INFO::2021-03-09 15:49:57.911106::Running bot...
INFO::2021-03-09 15:49:57.911106::BOT has been CONNECTED!
